[debug] [2024-02-11T04:30:06.459Z] ----------------------------------------------------------------------
[debug] [2024-02-11T04:30:06.461Z] Command:       /usr/bin/node /usr/bin/firebase deploy
[debug] [2024-02-11T04:30:06.461Z] CLI Version:   13.2.1
[debug] [2024-02-11T04:30:06.461Z] Platform:      linux
[debug] [2024-02-11T04:30:06.461Z] Node Version:  v21.6.1
[debug] [2024-02-11T04:30:06.461Z] Time:          Sat Feb 10 2024 21:30:06 GMT-0700 (Mountain Standard Time)
[debug] [2024-02-11T04:30:06.461Z] ----------------------------------------------------------------------
[debug] 
[debug] [2024-02-11T04:30:06.463Z] >>> [apiv2][query] GET https://firebase-public.firebaseio.com/cli.json [none]
[debug] [2024-02-11T04:30:06.517Z] > command requires scopes: ["email","openid","https://www.googleapis.com/auth/cloudplatformprojects.readonly","https://www.googleapis.com/auth/firebase","https://www.googleapis.com/auth/cloud-platform"]
[debug] [2024-02-11T04:30:06.517Z] > authorizing via signed-in user (sirius.potter522@gmail.com)
[debug] [2024-02-11T04:30:06.517Z] [iam] checking project neovim-btw for permissions ["datastore.indexes.create","datastore.indexes.delete","datastore.indexes.list","datastore.indexes.update","firebase.projects.get","firebasehosting.sites.update","firebaserules.releases.create","firebaserules.releases.update","firebaserules.rulesets.create"]
[debug] [2024-02-11T04:30:06.518Z] > refreshing access token with scopes: []
[debug] [2024-02-11T04:30:06.518Z] >>> [apiv2][query] POST https://www.googleapis.com/oauth2/v3/token [none]
[debug] [2024-02-11T04:30:06.518Z] >>> [apiv2][body] POST https://www.googleapis.com/oauth2/v3/token [omitted]
[debug] [2024-02-11T04:30:06.672Z] <<< [apiv2][status] GET https://firebase-public.firebaseio.com/cli.json 200
[debug] [2024-02-11T04:30:06.673Z] <<< [apiv2][body] GET https://firebase-public.firebaseio.com/cli.json {"cloudBuildErrorAfter":1594252800000,"cloudBuildWarnAfter":1590019200000,"defaultNode10After":1594252800000,"minVersion":"3.0.5","node8DeploysDisabledAfter":1613390400000,"node8RuntimeDisabledAfter":1615809600000,"node8WarnAfter":1600128000000}
[debug] [2024-02-11T04:30:06.686Z] <<< [apiv2][status] POST https://www.googleapis.com/oauth2/v3/token 200
[debug] [2024-02-11T04:30:06.686Z] <<< [apiv2][body] POST https://www.googleapis.com/oauth2/v3/token [omitted]
[debug] [2024-02-11T04:30:06.692Z] >>> [apiv2][query] POST https://cloudresourcemanager.googleapis.com/v1/projects/neovim-btw:testIamPermissions [none]
[debug] [2024-02-11T04:30:06.692Z] >>> [apiv2][(partial)header] POST https://cloudresourcemanager.googleapis.com/v1/projects/neovim-btw:testIamPermissions x-goog-quota-user=projects/neovim-btw
[debug] [2024-02-11T04:30:06.692Z] >>> [apiv2][body] POST https://cloudresourcemanager.googleapis.com/v1/projects/neovim-btw:testIamPermissions {"permissions":["datastore.indexes.create","datastore.indexes.delete","datastore.indexes.list","datastore.indexes.update","firebase.projects.get","firebasehosting.sites.update","firebaserules.releases.create","firebaserules.releases.update","firebaserules.rulesets.create"]}
[debug] [2024-02-11T04:30:06.842Z] <<< [apiv2][status] POST https://cloudresourcemanager.googleapis.com/v1/projects/neovim-btw:testIamPermissions 200
[debug] [2024-02-11T04:30:06.843Z] <<< [apiv2][body] POST https://cloudresourcemanager.googleapis.com/v1/projects/neovim-btw:testIamPermissions {"permissions":["datastore.indexes.create","datastore.indexes.delete","datastore.indexes.list","datastore.indexes.update","firebase.projects.get","firebasehosting.sites.update","firebaserules.releases.create","firebaserules.releases.update","firebaserules.rulesets.create"]}
[debug] [2024-02-11T04:30:06.844Z] >>> [apiv2][query] GET https://firebase.googleapis.com/v1beta1/projects/neovim-btw [none]
[debug] [2024-02-11T04:30:06.990Z] <<< [apiv2][status] GET https://firebase.googleapis.com/v1beta1/projects/neovim-btw 200
[debug] [2024-02-11T04:30:06.991Z] <<< [apiv2][body] GET https://firebase.googleapis.com/v1beta1/projects/neovim-btw {"projectId":"neovim-btw","projectNumber":"930780589668","displayName":"neovim-btw","name":"projects/neovim-btw","resources":{"hostingSite":"neovim-btw","storageBucket":"neovim-btw.appspot.com","locationId":"us-west2"},"state":"ACTIVE","etag":"1_19a4e67b-fb34-4849-96ca-83cc75191023"}
[info] 
[info] === Deploying to 'neovim-btw'...
[info] 
[info] i  deploying storage, firestore, hosting 
[info] i  storage: ensuring required API firebasestorage.googleapis.com is enabled... 
[debug] [2024-02-11T04:30:06.996Z] >>> [apiv2][query] GET https://serviceusage.googleapis.com/v1/projects/neovim-btw/services/firebasestorage.googleapis.com [none]
[debug] [2024-02-11T04:30:06.996Z] >>> [apiv2][(partial)header] GET https://serviceusage.googleapis.com/v1/projects/neovim-btw/services/firebasestorage.googleapis.com x-goog-quota-user=projects/neovim-btw
